<?xml version="1.0" encoding="UTF-8"?>
<Site BuildName="Linux-c++"
	BuildStamp="20250203-0614-Experimental"
	Name="fedora"
	Generator="ctest-3.30.5"
	CompilerName="/usr/bin/c++"
	CompilerVersion="14.2.1"
	OSName="Linux"
	Hostname="fedora"
	OSRelease="6.12.7-100.fc40.x86_64"
	OSVersion="#1 SMP PREEMPT_DYNAMIC Fri Dec 27 17:00:45 UTC 2024"
	OSPlatform="x86_64"
	Is64Bits="1"
	VendorString="GenuineIntel"
	VendorID="Intel Corporation"
	FamilyID="6"
	ModelID="154"
	ProcessorCacheSize="24576"
	NumberOfLogicalCPU="16"
	NumberOfPhysicalCPU="10"
	TotalVirtualMemory="8191"
	TotalPhysicalMemory="15601"
	LogicalProcessorsPerPhysical="1"
	ProcessorClockFrequency="807.025"
	>
	<Testing>
		<StartDateTime>Feb 03 13:14 +07</StartDateTime>
		<StartTestTime>1738563241</StartTestTime>
		<TestList/>
		<EndDateTime>Feb 03 13:14 +07</EndDateTime>
		<EndTestTime>1738563241</EndTestTime>
		<ElapsedMinutes>0</ElapsedMinutes>
	</Testing>
</Site>
