<?xml version="1.0" encoding="UTF-8"?>
<Site BuildName="Linux-cc"
	BuildStamp="20240911-1425-Experimental"
	Name="fedora"
	Generator="ctest-3.28.2"
	CompilerName=""
	CompilerVersion=""
	OSName="Linux"
	Hostname="fedora"
	OSRelease="6.10.7-200.fc40.x86_64"
	OSVersion="#1 SMP PREEMPT_DYNAMIC Fri Aug 30 00:08:59 UTC 2024"
	OSPlatform="x86_64"
	Is64Bits="1"
	VendorString="GenuineIntel"
	VendorID="Intel Corporation"
	FamilyID="6"
	ModelID="154"
	ProcessorCacheSize="24576"
	NumberOfLogicalCPU="16"
	NumberOfPhysicalCPU="10"
	TotalVirtualMemory="8191"
	TotalPhysicalMemory="15604"
	LogicalProcessorsPerPhysical="1"
	ProcessorClockFrequency="1001.1"
	>
	<Testing>
		<StartDateTime>Sep 11 21:26 +07</StartDateTime>
		<StartTestTime>1726064785</StartTestTime>
		<TestList/>
		<EndDateTime>Sep 11 21:26 +07</EndDateTime>
		<EndTestTime>1726064785</EndTestTime>
		<ElapsedMinutes>0</ElapsedMinutes>
	</Testing>
</Site>
