<?xml version="1.0" encoding="UTF-8"?>
<Site BuildName="Linux-c++"
	BuildStamp="20240914-0722-Experimental"
	Name="fedora"
	Generator="ctest-3.28.2"
	CompilerName="/usr/bin/c++"
	CompilerVersion="14.2.1"
	OSName="Linux"
	Hostname="fedora"
	OSRelease="6.10.9-200.fc40.x86_64"
	OSVersion="#1 SMP PREEMPT_DYNAMIC Sun Sep  8 17:23:55 UTC 2024"
	OSPlatform="x86_64"
	Is64Bits="1"
	VendorString="GenuineIntel"
	VendorID="Intel Corporation"
	FamilyID="6"
	ModelID="154"
	ProcessorCacheSize="24576"
	NumberOfLogicalCPU="16"
	NumberOfPhysicalCPU="10"
	TotalVirtualMemory="8191"
	TotalPhysicalMemory="15604"
	LogicalProcessorsPerPhysical="1"
	ProcessorClockFrequency="1500"
	>
	<Testing>
		<StartDateTime>Sep 14 14:42 +07</StartDateTime>
		<StartTestTime>1726299750</StartTestTime>
		<TestList/>
		<EndDateTime>Sep 14 14:42 +07</EndDateTime>
		<EndTestTime>1726299750</EndTestTime>
		<ElapsedMinutes>0</ElapsedMinutes>
	</Testing>
</Site>
