<?xml version="1.0" encoding="UTF-8"?>
<Site BuildName="Linux-c++"
	BuildStamp="20241130-0722-Experimental"
	Name="fedora"
	Generator="ctest-3.30.5"
	CompilerName="/usr/bin/c++"
	CompilerVersion="14.2.1"
	OSName="Linux"
	Hostname="fedora"
	OSRelease="6.11.8-200.fc40.x86_64"
	OSVersion="#1 SMP PREEMPT_DYNAMIC Thu Nov 14 20:38:18 UTC 2024"
	OSPlatform="x86_64"
	Is64Bits="1"
	VendorString="GenuineIntel"
	VendorID="Intel Corporation"
	FamilyID="6"
	ModelID="154"
	ProcessorCacheSize="24576"
	NumberOfLogicalCPU="16"
	NumberOfPhysicalCPU="10"
	TotalVirtualMemory="8191"
	TotalPhysicalMemory="15604"
	LogicalProcessorsPerPhysical="1"
	ProcessorClockFrequency="900.023"
	>
	<Testing>
		<StartDateTime>Nov 30 14:22 +07</StartDateTime>
		<StartTestTime>1732951323</StartTestTime>
		<TestList/>
		<EndDateTime>Nov 30 14:22 +07</EndDateTime>
		<EndTestTime>1732951323</EndTestTime>
		<ElapsedMinutes>0</ElapsedMinutes>
	</Testing>
</Site>
