<?xml version="1.0" encoding="UTF-8"?>
<Site BuildName="Linux-c++"
	BuildStamp="20241107-1340-Experimental"
	Name="fedora"
	Generator="ctest-3.28.2"
	CompilerName="/usr/bin/c++"
	CompilerVersion="14.2.1"
	OSName="Linux"
	Hostname="fedora"
	OSRelease="6.11.4-201.fc40.x86_64"
	OSVersion="#1 SMP PREEMPT_DYNAMIC Sun Oct 20 15:04:22 UTC 2024"
	OSPlatform="x86_64"
	Is64Bits="1"
	VendorString="GenuineIntel"
	VendorID="Intel Corporation"
	FamilyID="6"
	ModelID="154"
	ProcessorCacheSize="24576"
	NumberOfLogicalCPU="16"
	NumberOfPhysicalCPU="10"
	TotalVirtualMemory="8191"
	TotalPhysicalMemory="15604"
	LogicalProcessorsPerPhysical="1"
	ProcessorClockFrequency="1061.45"
	>
	<Testing>
		<StartDateTime>Nov 07 20:40 +07</StartDateTime>
		<StartTestTime>1730986815</StartTestTime>
		<TestList/>
		<EndDateTime>Nov 07 20:40 +07</EndDateTime>
		<EndTestTime>1730986815</EndTestTime>
		<ElapsedMinutes>0</ElapsedMinutes>
	</Testing>
</Site>
